\BOOKMARK [1][-]{section.1}{Introduzione}{}% 1
\BOOKMARK [2][-]{subsection.1.1}{Scopo del documento}{section.1}% 2
\BOOKMARK [2][-]{subsection.1.2}{Scopo del prodotto}{section.1}% 3
\BOOKMARK [2][-]{subsection.1.3}{Glosssario}{section.1}% 4
\BOOKMARK [2][-]{subsection.1.4}{Riferimenti}{section.1}% 5
\BOOKMARK [3][-]{subsubsection.1.4.1}{Riferimenti normativi}{subsection.1.4}% 6
\BOOKMARK [3][-]{subsubsection.1.4.2}{Riferimenti informativi}{subsection.1.4}% 7
\BOOKMARK [1][-]{section.2}{Processi primari}{}% 8
\BOOKMARK [2][-]{subsection.2.1}{Fornitura}{section.2}% 9
\BOOKMARK [3][-]{subsubsection.2.1.1}{Studio di fattibilit\340}{subsection.2.1}% 10
\BOOKMARK [2][-]{subsection.2.2}{Sviluppo}{section.2}% 11
\BOOKMARK [3][-]{subsubsection.2.2.1}{Analisi dei requisiti}{subsection.2.2}% 12
\BOOKMARK [3][-]{subsubsection.2.2.2}{Progettazione}{subsection.2.2}% 13
\BOOKMARK [3][-]{subsubsection.2.2.3}{Codifica}{subsection.2.2}% 14
\BOOKMARK [3][-]{subsubsection.2.2.4}{Procedure}{subsection.2.2}% 15
\BOOKMARK [3][-]{subsubsection.2.2.5}{Strumenti}{subsection.2.2}% 16
\BOOKMARK [1][-]{section.3}{Processi di Supporto}{}% 17
\BOOKMARK [1][-]{section.4}{Processi Organizzativi}{}% 18
\BOOKMARK [1][-]{section.5}{Processi primari}{}% 19
\BOOKMARK [2][-]{subsection.5.1}{Fornitura}{section.5}% 20
\BOOKMARK [3][-]{subsubsection.5.1.1}{Scopo}{subsection.5.1}% 21
\BOOKMARK [3][-]{subsubsection.5.1.2}{Aspettative}{subsection.5.1}% 22
\BOOKMARK [3][-]{subsubsection.5.1.3}{Descrizione}{subsection.5.1}% 23
\BOOKMARK [3][-]{subsubsection.5.1.4}{Attivit\340}{subsection.5.1}% 24
\BOOKMARK [4][-]{paragraph.5.1.4.1}{Studio di Fattibilit\340}{subsubsection.5.1.4}% 25
\BOOKMARK [4][-]{paragraph.5.1.4.2}{Piano di Progetto}{subsubsection.5.1.4}% 26
\BOOKMARK [4][-]{paragraph.5.1.4.3}{Piano di Qualifica}{subsubsection.5.1.4}% 27
\BOOKMARK [3][-]{subsubsection.5.1.5}{Strumenti}{subsection.5.1}% 28
\BOOKMARK [4][-]{paragraph.5.1.5.1}{Microsoft Excel}{subsubsection.5.1.5}% 29
\BOOKMARK [4][-]{paragraph.5.1.5.2}{Microsoft Project}{subsubsection.5.1.5}% 30
\BOOKMARK [2][-]{subsection.5.2}{Sviluppo}{section.5}% 31
\BOOKMARK [3][-]{subsubsection.5.2.1}{Scopo}{subsection.5.2}% 32
\BOOKMARK [3][-]{subsubsection.5.2.2}{Aspettative}{subsection.5.2}% 33
\BOOKMARK [3][-]{subsubsection.5.2.3}{Descrizione}{subsection.5.2}% 34
\BOOKMARK [3][-]{subsubsection.5.2.4}{Attivit\340}{subsection.5.2}% 35
\BOOKMARK [4][-]{paragraph.5.2.4.1}{Analisi dei Requisiti}{subsubsection.5.2.4}% 36
\BOOKMARK [4][-]{paragraph.5.2.4.2}{Progettazione}{subsubsection.5.2.4}% 37
\BOOKMARK [4][-]{paragraph.5.2.4.3}{Codifica}{subsubsection.5.2.4}% 38
\BOOKMARK [3][-]{subsubsection.5.2.5}{Strumenti}{subsection.5.2}% 39
\BOOKMARK [4][-]{paragraph.5.2.5.1}{ESLint}{subsubsection.5.2.5}% 40
\BOOKMARK [4][-]{paragraph.5.2.5.2}{PragmaDB}{subsubsection.5.2.5}% 41
\BOOKMARK [4][-]{paragraph.5.2.5.3}{Draw.io}{subsubsection.5.2.5}% 42
\BOOKMARK [4][-]{paragraph.5.2.5.4}{IntelliJ IDEA}{subsubsection.5.2.5}% 43
\BOOKMARK [1][-]{section.6}{Processi di Supporto}{}% 44
\BOOKMARK [2][-]{subsection.6.1}{Documentazione}{section.6}% 45
\BOOKMARK [3][-]{subsubsection.6.1.1}{Scopo}{subsection.6.1}% 46
\BOOKMARK [3][-]{subsubsection.6.1.2}{Aspettative}{subsection.6.1}% 47
\BOOKMARK [3][-]{subsubsection.6.1.3}{Descrizione}{subsection.6.1}% 48
\BOOKMARK [3][-]{subsubsection.6.1.4}{Ciclo di vita del documento}{subsection.6.1}% 49
\BOOKMARK [3][-]{subsubsection.6.1.5}{Template}{subsection.6.1}% 50
\BOOKMARK [3][-]{subsubsection.6.1.6}{Struttura dei documenti}{subsection.6.1}% 51
\BOOKMARK [4][-]{paragraph.6.1.6.1}{Prima pagina}{subsubsection.6.1.6}% 52
\BOOKMARK [4][-]{paragraph.6.1.6.2}{Registro modifiche}{subsubsection.6.1.6}% 53
\BOOKMARK [4][-]{paragraph.6.1.6.3}{Indice}{subsubsection.6.1.6}% 54
\BOOKMARK [4][-]{paragraph.6.1.6.4}{Contenuto principale}{subsubsection.6.1.6}% 55
\BOOKMARK [4][-]{paragraph.6.1.6.5}{Verbali}{subsubsection.6.1.6}% 56
\BOOKMARK [4][-]{paragraph.6.1.6.6}{Note a pi\350 di pagina}{subsubsection.6.1.6}% 57
\BOOKMARK [3][-]{subsubsection.6.1.7}{Norme tipografiche}{subsection.6.1}% 58
\BOOKMARK [4][-]{paragraph.6.1.7.1}{Convenzioni sui nomi dei file}{subsubsection.6.1.7}% 59
\BOOKMARK [4][-]{paragraph.6.1.7.2}{Glossario}{subsubsection.6.1.7}% 60
\BOOKMARK [4][-]{paragraph.6.1.7.3}{Stile del testo}{subsubsection.6.1.7}% 61
\BOOKMARK [4][-]{paragraph.6.1.7.4}{Elenchi puntati}{subsubsection.6.1.7}% 62
\BOOKMARK [4][-]{paragraph.6.1.7.5}{Formati comuni}{subsubsection.6.1.7}% 63
\BOOKMARK [4][-]{paragraph.6.1.7.6}{Sigle}{subsubsection.6.1.7}% 64
\BOOKMARK [3][-]{subsubsection.6.1.8}{Elementi grafici}{subsection.6.1}% 65
\BOOKMARK [4][-]{paragraph.6.1.8.1}{Tabelle}{subsubsection.6.1.8}% 66
\BOOKMARK [4][-]{paragraph.6.1.8.2}{Immagini}{subsubsection.6.1.8}% 67
\BOOKMARK [4][-]{paragraph.6.1.8.3}{Diagrammi UML}{subsubsection.6.1.8}% 68
\BOOKMARK [3][-]{subsubsection.6.1.9}{Strumenti}{subsection.6.1}% 69
\BOOKMARK [4][-]{paragraph.6.1.9.1}{LaTeX}{subsubsection.6.1.9}% 70
\BOOKMARK [4][-]{paragraph.6.1.9.2}{TeXstudio}{subsubsection.6.1.9}% 71
\BOOKMARK [4][-]{paragraph.6.1.9.3}{Draw.io}{subsubsection.6.1.9}% 72
\BOOKMARK [2][-]{subsection.6.2}{Gestione della configurazione}{section.6}% 73
\BOOKMARK [3][-]{subsubsection.6.2.1}{Scopo}{subsection.6.2}% 74
\BOOKMARK [3][-]{subsubsection.6.2.2}{Versionamento}{subsection.6.2}% 75
\BOOKMARK [4][-]{paragraph.6.2.2.1}{Codice di versione del documento}{subsubsection.6.2.2}% 76
\BOOKMARK [4][-]{paragraph.6.2.2.2}{Tecnologie}{subsubsection.6.2.2}% 77
\BOOKMARK [4][-]{paragraph.6.2.2.3}{Repository}{subsubsection.6.2.2}% 78
\BOOKMARK [4][-]{paragraph.6.2.2.4}{Struttura del repository}{subsubsection.6.2.2}% 79
\BOOKMARK [4][-]{paragraph.6.2.2.5}{Tipi di file e .gitignore}{subsubsection.6.2.2}% 80
\BOOKMARK [4][-]{paragraph.6.2.2.6}{Utilizzo di Git}{subsubsection.6.2.2}% 81
\BOOKMARK [4][-]{paragraph.6.2.2.7}{Gestione delle modifiche}{subsubsection.6.2.2}% 82
\BOOKMARK [2][-]{subsection.6.3}{Gestione della Qualit\340}{section.6}% 83
\BOOKMARK [3][-]{subsubsection.6.3.1}{Scopo}{subsection.6.3}% 84
\BOOKMARK [3][-]{subsubsection.6.3.2}{Aspettative}{subsection.6.3}% 85
\BOOKMARK [3][-]{subsubsection.6.3.3}{Descrizione}{subsection.6.3}% 86
\BOOKMARK [3][-]{subsubsection.6.3.4}{Attivit\340}{subsection.6.3}% 87
\BOOKMARK [3][-]{subsubsection.6.3.5}{Strumenti}{subsection.6.3}% 88
\BOOKMARK [2][-]{subsection.6.4}{Verifica}{section.6}% 89
\BOOKMARK [3][-]{subsubsection.6.4.1}{Scopo}{subsection.6.4}% 90
\BOOKMARK [3][-]{subsubsection.6.4.2}{Aspettative}{subsection.6.4}% 91
\BOOKMARK [3][-]{subsubsection.6.4.3}{Descrizione}{subsection.6.4}% 92
\BOOKMARK [3][-]{subsubsection.6.4.4}{Attivit\340}{subsection.6.4}% 93
\BOOKMARK [4][-]{paragraph.6.4.4.1}{Analisi}{subsubsection.6.4.4}% 94
\BOOKMARK [4][-]{paragraph.6.4.4.2}{Test}{subsubsection.6.4.4}% 95
\BOOKMARK [3][-]{subsubsection.6.4.5}{Strumenti}{subsection.6.4}% 96
\BOOKMARK [4][-]{paragraph.6.4.5.1}{Verifica ortografica}{subsubsection.6.4.5}% 97
\BOOKMARK [4][-]{paragraph.6.4.5.2}{Validazione W3C}{subsubsection.6.4.5}% 98
\BOOKMARK [2][-]{subsection.6.5}{Validazione}{section.6}% 99
\BOOKMARK [3][-]{subsubsection.6.5.1}{Scopo}{subsection.6.5}% 100
\BOOKMARK [3][-]{subsubsection.6.5.2}{Attivit\340}{subsection.6.5}% 101
\BOOKMARK [1][-]{section.7}{Processi Organizzativi}{}% 102
\BOOKMARK [2][-]{subsection.7.1}{Gestione Organizzativa}{section.7}% 103
\BOOKMARK [3][-]{subsubsection.7.1.1}{Scopo}{subsection.7.1}% 104
\BOOKMARK [3][-]{subsubsection.7.1.2}{Aspettative}{subsection.7.1}% 105
\BOOKMARK [3][-]{subsubsection.7.1.3}{Descrizione}{subsection.7.1}% 106
\BOOKMARK [3][-]{subsubsection.7.1.4}{Ruoli di progetto}{subsection.7.1}% 107
\BOOKMARK [4][-]{paragraph.7.1.4.1}{Responsabile di progetto}{subsubsection.7.1.4}% 108
\BOOKMARK [4][-]{paragraph.7.1.4.2}{Amministratore di progetto}{subsubsection.7.1.4}% 109
\BOOKMARK [4][-]{paragraph.7.1.4.3}{Analista}{subsubsection.7.1.4}% 110
\BOOKMARK [4][-]{paragraph.7.1.4.4}{Progettista}{subsubsection.7.1.4}% 111
\BOOKMARK [4][-]{paragraph.7.1.4.5}{Programmatore}{subsubsection.7.1.4}% 112
\BOOKMARK [4][-]{paragraph.7.1.4.6}{Verificatore}{subsubsection.7.1.4}% 113
\BOOKMARK [3][-]{subsubsection.7.1.5}{Procedure}{subsection.7.1}% 114
\BOOKMARK [4][-]{paragraph.7.1.5.1}{Gestione delle comunicazioni}{subsubsection.7.1.5}% 115
\BOOKMARK [4][-]{paragraph.7.1.5.2}{Gestione degli incontri}{subsubsection.7.1.5}% 116
\BOOKMARK [4][-]{paragraph.7.1.5.3}{Gestione degli strumenti di coordinamento}{subsubsection.7.1.5}% 117
\BOOKMARK [4][-]{paragraph.7.1.5.4}{Gestione dei rischi}{subsubsection.7.1.5}% 118
\BOOKMARK [3][-]{subsubsection.7.1.6}{Strumenti}{subsection.7.1}% 119
