This is pdfTeX, Version 3.14159265-2.6-1.40.20 (MiKTeX 2.9.6960 64-bit) (preloaded format=pdflatex 2019.2.20)  13 MAR 2019 11:23
entering extended mode
**./norme_di_progetto_v1.0.0.tex
(norme_di_progetto_v1.0.0.tex
LaTeX2e <2018-12-01>
("C:\Users\Marco\AppData\Local\Programs\MiKTeX 2.9\tex/latex/base\article.cls"
Document Class: article 2018/09/03 v1.4i Standard LaTeX document class
("C:\Users\Marco\AppData\Local\Programs\MiKTeX 2.9\tex/latex/base\size10.clo"
File: size10.clo 2018/09/03 v1.4i Standard LaTeX file (size option)
)
\c@part=\count80
\c@section=\count81
\c@subsection=\count82
\c@subsubsection=\count83
\c@paragraph=\count84
\c@subparagraph=\count85
\c@figure=\count86
\c@table=\count87
\abovecaptionskip=\skip41
\belowcaptionskip=\skip42
\bibindent=\dimen102
) (../../../latex/package.tex
("C:\Users\Marco\AppData\Local\Programs\MiKTeX 2.9\tex/latex/geometry\geometry.
sty"
Package: geometry 2018/04/16 v5.8 Page Geometry

("C:\Users\Marco\AppData\Local\Programs\MiKTeX 2.9\tex/latex/graphics\keyval.st
y"
Package: keyval 2014/10/28 v1.15 key=value parser (DPC)
\KV@toks@=\toks14
)
("C:\Users\Marco\AppData\Local\Programs\MiKTeX 2.9\tex/generic/oberdiek\ifpdf.s
ty"
Package: ifpdf 2018/09/07 v3.3 Provides the ifpdf switch
)
("C:\Users\Marco\AppData\Local\Programs\MiKTeX 2.9\tex/generic/oberdiek\ifvtex.
sty"
Package: ifvtex 2016/05/16 v1.6 Detect VTeX and its facilities (HO)
Package ifvtex Info: VTeX not detected.
)
("C:\Users\Marco\AppData\Local\Programs\MiKTeX 2.9\tex/generic/ifxetex\ifxetex.
sty"
Package: ifxetex 2010/09/12 v0.6 Provides ifxetex conditional
)
\Gm@cnth=\count88
\Gm@cntv=\count89
\c@Gm@tempcnt=\count90
\Gm@bindingoffset=\dimen103
\Gm@wd@mp=\dimen104
\Gm@odd@mp=\dimen105
\Gm@even@mp=\dimen106
\Gm@layoutwidth=\dimen107
\Gm@layoutheight=\dimen108
\Gm@layouthoffset=\dimen109
\Gm@layoutvoffset=\dimen110
\Gm@dimlist=\toks15

("C:\Users\Marco\AppData\Local\Programs\MiKTeX 2.9\tex/latex/geometry\geometry.
cfg"))
("C:\Users\Marco\AppData\Local\Programs\MiKTeX 2.9\tex/generic/babel\babel.sty"
Package: babel 2018/11/13 3.27 The Babel package
("C:\Users\Marco\AppData\Local\Programs\MiKTeX 2.9\tex/generic/babel\switch.def
"
File: switch.def 2018/11/13 3.27 Babel switching mechanism
)
*************************************
* Local config file bblopts.cfg used
*
("C:\Users\Marco\AppData\Local\Programs\MiKTeX 2.9\tex/latex/arabi\bblopts.cfg"
File: bblopts.cfg 2005/09/08 v0.1 add Arabic and Farsi to "declared" options of
 babel
)
("C:\Users\Marco\AppData\Local\Programs\MiKTeX 2.9\tex/latex/babel-italian\ital
ian.ldf"
Language: italian 2019/01/05 v.1.4.01 Italian support for the babel system

("C:\Users\Marco\AppData\Local\Programs\MiKTeX 2.9\tex/generic/babel\babel.def"
File: babel.def 2018/11/13 3.27 Babel common definitions
\babel@savecnt=\count91
\U@D=\dimen111

("C:\Users\Marco\AppData\Local\Programs\MiKTeX 2.9\tex/generic/babel\txtbabel.d
ef")
\bbl@dirlevel=\count92
)
\it@lettering=\count93
\it@doublequoteactive=\count94
\it@ISOcompliance=\count95
))
("C:\Users\Marco\AppData\Local\Programs\MiKTeX 2.9\tex/latex/etoolbox\etoolbox.
sty"
Package: etoolbox 2018/08/19 v2.5f e-TeX tools for LaTeX (JAW)
\etb@tempcnta=\count96
)
("C:\Users\Marco\AppData\Local\Programs\MiKTeX 2.9\tex/latex/base\inputenc.sty"
Package: inputenc 2018/08/11 v1.3c Input encoding file
\inpenc@prehook=\toks16
\inpenc@posthook=\toks17
) ("C:\Users\Marco\AppData\Local\Programs\MiKTeX 2.9\tex/latex/base\fontenc.sty
"
Package: fontenc 2018/08/11 v2.0j Standard LaTeX package
 ("C:\Users\Marco\AppData\Local\Programs\MiKTeX 2.9\tex/latex/base\t1enc.def"
File: t1enc.def 2018/08/11 v2.0j Standard LaTeX file
LaTeX Font Info:    Redeclaring font encoding T1 on input line 48.
))
("C:\Users\Marco\AppData\Local\Programs\MiKTeX 2.9\tex/latex/tools\tabularx.sty
"
Package: tabularx 2016/02/03 v2.11b `tabularx' package (DPC)
 ("C:\Users\Marco\AppData\Local\Programs\MiKTeX 2.9\tex/latex/tools\array.sty"
Package: array 2018/12/30 v2.4k Tabular extension package (FMi)
\col@sep=\dimen112
\ar@mcellbox=\box27
\extrarowheight=\dimen113
\NC@list=\toks18
\extratabsurround=\skip43
\backup@length=\skip44
\ar@cellbox=\box28
)
\TX@col@width=\dimen114
\TX@old@table=\dimen115
\TX@old@col=\dimen116
\TX@target=\dimen117
\TX@delta=\dimen118
\TX@cols=\count97
\TX@ftn=\toks19
)
("C:\Users\Marco\AppData\Local\Programs\MiKTeX 2.9\tex/latex/tools\longtable.st
y"
Package: longtable 2014/10/28 v4.11 Multi-page Table package (DPC)+ FMi change
\LTleft=\skip45
\LTright=\skip46
\LTpre=\skip47
\LTpost=\skip48
\LTchunksize=\count98
\LTcapwidth=\dimen119
\LT@head=\box29
\LT@firsthead=\box30
\LT@foot=\box31
\LT@lastfoot=\box32
\LT@cols=\count99
\LT@rows=\count100
\c@LT@tables=\count101
\c@LT@chunks=\count102
\LT@p@ftn=\toks20
)
("C:\Users\Marco\AppData\Local\Programs\MiKTeX 2.9\tex/latex/hyperref\hyperref.
sty"
Package: hyperref 2018/11/30 v6.88e Hypertext links for LaTeX

("C:\Users\Marco\AppData\Local\Programs\MiKTeX 2.9\tex/generic/oberdiek\hobsub-
hyperref.sty"
Package: hobsub-hyperref 2016/05/16 v1.14 Bundle oberdiek, subset hyperref (HO)


("C:\Users\Marco\AppData\Local\Programs\MiKTeX 2.9\tex/generic/oberdiek\hobsub-
generic.sty"
Package: hobsub-generic 2016/05/16 v1.14 Bundle oberdiek, subset generic (HO)
Package: hobsub 2016/05/16 v1.14 Construct package bundles (HO)
Package: infwarerr 2016/05/16 v1.4 Providing info/warning/error messages (HO)
Package: ltxcmds 2016/05/16 v1.23 LaTeX kernel commands for general use (HO)
Package: ifluatex 2016/05/16 v1.4 Provides the ifluatex switch (HO)
Package ifluatex Info: LuaTeX not detected.
Package hobsub Info: Skipping package `ifvtex' (already loaded).
Package: intcalc 2016/05/16 v1.2 Expandable calculations with integers (HO)
Package hobsub Info: Skipping package `ifpdf' (already loaded).
Package: etexcmds 2016/05/16 v1.6 Avoid name clashes with e-TeX commands (HO)
Package: kvsetkeys 2016/05/16 v1.17 Key value parser (HO)
Package: kvdefinekeys 2016/05/16 v1.4 Define keys (HO)
Package: pdftexcmds 2018/09/10 v0.29 Utility functions of pdfTeX for LuaTeX (HO
)
Package pdftexcmds Info: LuaTeX not detected.
Package pdftexcmds Info: \pdf@primitive is available.
Package pdftexcmds Info: \pdf@ifprimitive is available.
Package pdftexcmds Info: \pdfdraftmode found.
Package: pdfescape 2016/05/16 v1.14 Implements pdfTeX's escape features (HO)
Package: bigintcalc 2016/05/16 v1.4 Expandable calculations on big integers (HO
)
Package: bitset 2016/05/16 v1.2 Handle bit-vector datatype (HO)
Package: uniquecounter 2016/05/16 v1.3 Provide unlimited unique counter (HO)
)
Package hobsub Info: Skipping package `hobsub' (already loaded).
Package: letltxmacro 2016/05/16 v1.5 Let assignment for LaTeX macros (HO)
Package: hopatch 2016/05/16 v1.3 Wrapper for package hooks (HO)
Package: xcolor-patch 2016/05/16 xcolor patch
Package: atveryend 2016/05/16 v1.9 Hooks at the very end of document (HO)
Package: atbegshi 2016/06/09 v1.18 At begin shipout hook (HO)
Package: refcount 2016/05/16 v3.5 Data extraction from label references (HO)
Package: hycolor 2016/05/16 v1.8 Color options for hyperref/bookmark (HO)
)
("C:\Users\Marco\AppData\Local\Programs\MiKTeX 2.9\tex/latex/oberdiek\auxhook.s
ty"
Package: auxhook 2016/05/16 v1.4 Hooks for auxiliary files (HO)
)
("C:\Users\Marco\AppData\Local\Programs\MiKTeX 2.9\tex/latex/oberdiek\kvoptions
.sty"
Package: kvoptions 2016/05/16 v3.12 Key value format for package options (HO)
)
\@linkdim=\dimen120
\Hy@linkcounter=\count103
\Hy@pagecounter=\count104

("C:\Users\Marco\AppData\Local\Programs\MiKTeX 2.9\tex/latex/hyperref\pd1enc.de
f"
File: pd1enc.def 2018/11/30 v6.88e Hyperref: PDFDocEncoding definition (HO)
Now handling font encoding PD1 ...
... no UTF-8 mapping file for font encoding PD1
)
\Hy@SavedSpaceFactor=\count105

("C:\Users\Marco\AppData\Local\Programs\MiKTeX 2.9\tex/latex/00miktex\hyperref.
cfg"
File: hyperref.cfg 2002/06/06 v1.2 hyperref configuration of TeXLive
)
Package hyperref Info: Hyper figures OFF on input line 4519.
Package hyperref Info: Link nesting OFF on input line 4524.
Package hyperref Info: Hyper index ON on input line 4527.
Package hyperref Info: Plain pages OFF on input line 4534.
Package hyperref Info: Backreferencing OFF on input line 4539.
Package hyperref Info: Implicit mode ON; LaTeX internals redefined.
Package hyperref Info: Bookmarks ON on input line 4772.
\c@Hy@tempcnt=\count106
 ("C:\Users\Marco\AppData\Local\Programs\MiKTeX 2.9\tex/latex/url\url.sty"
\Urlmuskip=\muskip10
Package: url 2013/09/16  ver 3.4  Verb mode for urls, etc.
)
LaTeX Info: Redefining \url on input line 5125.
\XeTeXLinkMargin=\dimen121
\Fld@menulength=\count107
\Field@Width=\dimen122
\Fld@charsize=\dimen123
Package hyperref Info: Hyper figures OFF on input line 6380.
Package hyperref Info: Link nesting OFF on input line 6385.
Package hyperref Info: Hyper index ON on input line 6388.
Package hyperref Info: backreferencing OFF on input line 6395.
Package hyperref Info: Link coloring OFF on input line 6400.
Package hyperref Info: Link coloring with OCG OFF on input line 6405.
Package hyperref Info: PDF/A mode OFF on input line 6410.
LaTeX Info: Redefining \ref on input line 6450.
LaTeX Info: Redefining \pageref on input line 6454.
\Hy@abspage=\count108
\c@Item=\count109
\c@Hfootnote=\count110
)
Package hyperref Info: Driver (autodetected): hpdftex.

("C:\Users\Marco\AppData\Local\Programs\MiKTeX 2.9\tex/latex/hyperref\hpdftex.d
ef"
File: hpdftex.def 2018/11/30 v6.88e Hyperref driver for pdfTeX
\Fld@listcount=\count111
\c@bookmark@seq@number=\count112

("C:\Users\Marco\AppData\Local\Programs\MiKTeX 2.9\tex/latex/oberdiek\rerunfile
check.sty"
Package: rerunfilecheck 2016/05/16 v1.8 Rerun checks for auxiliary files (HO)
Package uniquecounter Info: New unique counter `rerunfilecheck' on input line 2
82.
)
\Hy@SectionHShift=\skip49
)
("C:\Users\Marco\AppData\Local\Programs\MiKTeX 2.9\tex/latex/enumitem\enumitem.
sty"
Package: enumitem 2019/02/04 v3.8 Customized lists
\labelindent=\skip50
\enit@outerparindent=\dimen124
\enit@toks=\toks21
\enit@inbox=\box33
\enit@count@id=\count113
\enitdp@description=\count114
)
Package hyperref Info: Option `colorlinks' set `true' on input line 16.

("C:\Users\Marco\AppData\Local\Programs\MiKTeX 2.9\tex/latex/chngcntr\chngcntr.
sty"
Package: chngcntr 2018/04/09 v1.1a change counter resetting
)
("C:\Users\Marco\AppData\Local\Programs\MiKTeX 2.9\tex/latex/footmisc\footmisc.
sty"
Package: footmisc 2011/06/06 v5.5b a miscellany of footnote facilities
\FN@temptoken=\toks22
\footnotemargin=\dimen125
\c@pp@next@reset=\count115
Package footmisc Info: Declaring symbol style bringhurst on input line 855.
Package footmisc Info: Declaring symbol style chicago on input line 863.
Package footmisc Info: Declaring symbol style wiley on input line 872.
Package footmisc Info: Declaring symbol style lamport-robust on input line 883.

Package footmisc Info: Declaring symbol style lamport* on input line 903.
Package footmisc Info: Declaring symbol style lamport*-robust on input line 924
.
)
("C:\Users\Marco\AppData\Local\Programs\MiKTeX 2.9\tex/latex/fancyhdr\fancyhdr.
sty"
Package: fancyhdr 2019/01/31 v3.10 Extensive control of page headers and footer
s
\f@nch@headwidth=\skip51
\f@nch@O@elh=\skip52
\f@nch@O@erh=\skip53
\f@nch@O@olh=\skip54
\f@nch@O@orh=\skip55
\f@nch@O@elf=\skip56
\f@nch@O@erf=\skip57
\f@nch@O@olf=\skip58
\f@nch@O@orf=\skip59
)
("C:\Users\Marco\AppData\Local\Programs\MiKTeX 2.9\tex/latex/titlesec\titlesec.
sty"
Package: titlesec 2016/03/21 v2.10.2 Sectioning titles
\ttl@box=\box34
\beforetitleunit=\skip60
\aftertitleunit=\skip61
\ttl@plus=\dimen126
\ttl@minus=\dimen127
\ttl@toksa=\toks23
\titlewidth=\dimen128
\titlewidthlast=\dimen129
\titlewidthfirst=\dimen130
)
("C:\Users\Marco\AppData\Local\Programs\MiKTeX 2.9\tex/latex/amsmath\amsmath.st
y"
Package: amsmath 2018/12/01 v2.17b AMS math features
\@mathmargin=\skip62

For additional information on amsmath, use the `?' option.

("C:\Users\Marco\AppData\Local\Programs\MiKTeX 2.9\tex/latex/amsmath\amstext.st
y"
Package: amstext 2000/06/29 v2.01 AMS text

("C:\Users\Marco\AppData\Local\Programs\MiKTeX 2.9\tex/latex/amsmath\amsgen.sty
"
File: amsgen.sty 1999/11/30 v2.0 generic functions
\@emptytoks=\toks24
\ex@=\dimen131
))
("C:\Users\Marco\AppData\Local\Programs\MiKTeX 2.9\tex/latex/amsmath\amsbsy.sty
"
Package: amsbsy 1999/11/29 v1.2d Bold Symbols
\pmbraise@=\dimen132
)
("C:\Users\Marco\AppData\Local\Programs\MiKTeX 2.9\tex/latex/amsmath\amsopn.sty
"
Package: amsopn 2016/03/08 v2.02 operator names
)
\inf@bad=\count116
LaTeX Info: Redefining \frac on input line 223.
\uproot@=\count117
\leftroot@=\count118
LaTeX Info: Redefining \overline on input line 385.
\classnum@=\count119
\DOTSCASE@=\count120
LaTeX Info: Redefining \ldots on input line 482.
LaTeX Info: Redefining \dots on input line 485.
LaTeX Info: Redefining \cdots on input line 606.
\Mathstrutbox@=\box35
\strutbox@=\box36
\big@size=\dimen133
LaTeX Font Info:    Redeclaring font encoding OML on input line 729.
LaTeX Font Info:    Redeclaring font encoding OMS on input line 730.
\macc@depth=\count121
\c@MaxMatrixCols=\count122
\dotsspace@=\muskip11
\c@parentequation=\count123
\dspbrk@lvl=\count124
\tag@help=\toks25
\row@=\count125
\column@=\count126
\maxfields@=\count127
\andhelp@=\toks26
\eqnshift@=\dimen134
\alignsep@=\dimen135
\tagshift@=\dimen136
\tagwidth@=\dimen137
\totwidth@=\dimen138
\lineht@=\dimen139
\@envbody=\toks27
\multlinegap=\skip63
\multlinetaggap=\skip64
\mathdisplay@stack=\toks28
LaTeX Info: Redefining \[ on input line 2844.
LaTeX Info: Redefining \] on input line 2845.
)
("C:\Users\Marco\AppData\Local\Programs\MiKTeX 2.9\tex/latex/amsfonts\amssymb.s
ty"
Package: amssymb 2013/01/14 v3.01 AMS font symbols

("C:\Users\Marco\AppData\Local\Programs\MiKTeX 2.9\tex/latex/amsfonts\amsfonts.
sty"
Package: amsfonts 2013/01/14 v3.01 Basic AMSFonts support
\symAMSa=\mathgroup4
\symAMSb=\mathgroup5
LaTeX Font Info:    Overwriting math alphabet `\mathfrak' in version `bold'
(Font)                  U/euf/m/n --> U/euf/b/n on input line 106.
))
("C:\Users\Marco\AppData\Local\Programs\MiKTeX 2.9\tex/latex/graphics\graphicx.
sty"
Package: graphicx 2017/06/01 v1.1a Enhanced LaTeX Graphics (DPC,SPQR)

("C:\Users\Marco\AppData\Local\Programs\MiKTeX 2.9\tex/latex/graphics\graphics.
sty"
Package: graphics 2017/06/25 v1.2c Standard LaTeX Graphics (DPC,SPQR)

("C:\Users\Marco\AppData\Local\Programs\MiKTeX 2.9\tex/latex/graphics\trig.sty"
Package: trig 2016/01/03 v1.10 sin cos tan (DPC)
)
("C:\Users\Marco\AppData\Local\Programs\MiKTeX 2.9\tex/latex/graphics-cfg\graph
ics.cfg"
File: graphics.cfg 2016/06/04 v1.11 sample graphics configuration
)
Package graphics Info: Driver file: pdftex.def on input line 99.

("C:\Users\Marco\AppData\Local\Programs\MiKTeX 2.9\tex/latex/graphics-def\pdfte
x.def"
File: pdftex.def 2018/01/08 v1.0l Graphics/color driver for pdftex
))
\Gin@req@height=\dimen140
\Gin@req@width=\dimen141
)
("C:\Users\Marco\AppData\Local\Programs\MiKTeX 2.9\tex/latex/layouts\layouts.st
y"
Package: layouts 2009/09/02 v2.6d graphical depiction of document elements
\l@ylen=\skip65
\layoutsbox=\box37
\l@youtunitlength=\skip66
\l@youtlinethick=\skip67
\l@youtlinethickii=\skip68
\l@ysetupparskip=\skip69
\l@ysetupbaselineskip=\skip70
\l@yonem=\skip71
\l@yonex=\skip72
\l@ylmarg=\skip73
\l@yrmarg=\skip74
\l@yitmindent=\skip75
\l@ylblwidth=\skip76
\l@ylblsep=\skip77
\l@ylparindent=\skip78
\l@ytsep=\skip79
\l@ypskip=\skip80
\l@yptsep=\skip81
\l@ypsep=\skip82
\l@yitmsep=\skip83
\l@ytok=\toks29
\l@youtpw=\count128
\l@youtph=\count129
\l@youthpi=\count130
\l@youthpii=\count131
\l@youthpiii=\count132
\l@youthpiv=\count133
\l@youthpv=\count134
\l@youthpvi=\count135
\l@youthpvii=\count136
\l@youtparskip=\count137
\l@youtvpi=\count138
\l@youtvpii=\count139
\l@youtvpiii=\count140
\l@youtvpiv=\count141
\l@youtvpv=\count142
\l@youtvpvi=\count143
\l@youtvpvii=\count144
\l@youthdo=\count145
\l@youthdi=\count146
\l@youthdii=\count147
\l@youthdiii=\count148
\l@youthdiv=\count149
\l@youthdv=\count150
\l@youthdvi=\count151
\l@youthdvii=\count152
\l@youtvdo=\count153
\l@youtvdi=\count154
\l@youtvdii=\count155
\l@youtvdiii=\count156
\l@youtvdiv=\count157
\l@youtvdv=\count158
\l@youtvdvi=\count159
\l@youtvdvii=\count160
\l@youtvdviii=\count161
\l@youtxci=\count162
\l@youtxcii=\count163
\l@youtxciii=\count164
\l@youtxciv=\count165
\l@youtxcv=\count166
\l@youtxcvi=\count167
\l@youtyci=\count168
\l@youtycii=\count169
\l@youtyciii=\count170
\l@youtyciv=\count171
\l@youtycv=\count172
\l@youtycvi=\count173
\l@youtycvii=\count174
\l@youtycviii=\count175
\l@youtxco=\count176
\l@youtyco=\count177
\l@ytempdima=\skip84
\stockwidth=\skip85
\stockheight=\skip86
\trimedge=\skip87
\trimtop=\skip88
\uppermargin=\skip89
\spinemargin=\skip90
)
("C:\Users\Marco\AppData\Local\Programs\MiKTeX 2.9\tex/latex/comment\comment.st
y"
\CommentStream=\write3
 Excluding comment 'comment')
("C:\Users\Marco\AppData\Local\Programs\MiKTeX 2.9\tex/latex/float\float.sty"
Package: float 2001/11/08 v1.3d Float enhancements (AL)
\c@float@type=\count178
\float@exts=\toks30
\float@box=\box38
\@float@everytoks=\toks31
\@floatcapt=\box39
)
("C:\Users\Marco\AppData\Local\Programs\MiKTeX 2.9\tex/latex/eurosym\eurosym.st
y"
Package: eurosym 1998/08/06 v1.1 European currency symbol ``Euro''
\@eurobox=\box40
)
("C:\Users\Marco\AppData\Local\Programs\MiKTeX 2.9\tex/latex/multirow\multirow.
sty"
Package: multirow 2019/01/01 v2.4 Span multiple rows of a table
\multirow@colwidth=\skip91
\multirow@cntb=\count179
\multirow@dima=\skip92
\bigstrutjot=\dimen142
)
("C:\Users\Marco\AppData\Local\Programs\MiKTeX 2.9\tex/latex/xcolor\xcolor.sty"
Package: xcolor 2016/05/11 v2.12 LaTeX color extensions (UK)

("C:\Users\Marco\AppData\Local\Programs\MiKTeX 2.9\tex/latex/graphics-cfg\color
.cfg"
File: color.cfg 2016/01/02 v1.6 sample color configuration
)
Package xcolor Info: Driver file: pdftex.def on input line 225.

("C:\Users\Marco\AppData\Local\Programs\MiKTeX 2.9\tex/latex/colortbl\colortbl.
sty"
Package: colortbl 2018/12/12 v1.0d Color table columns (DPC)
\everycr=\toks32
\minrowclearance=\skip93
)
\rownum=\count180
Package xcolor Info: Model `cmy' substituted by `cmy0' on input line 1348.
Package xcolor Info: Model `hsb' substituted by `rgb' on input line 1352.
Package xcolor Info: Model `RGB' extended on input line 1364.
Package xcolor Info: Model `HTML' substituted by `rgb' on input line 1366.
Package xcolor Info: Model `Hsb' substituted by `hsb' on input line 1367.
Package xcolor Info: Model `tHsb' substituted by `hsb' on input line 1368.
Package xcolor Info: Model `HSB' substituted by `hsb' on input line 1369.
Package xcolor Info: Model `Gray' substituted by `gray' on input line 1370.
Package xcolor Info: Model `wave' substituted by `hsb' on input line 1371.
)
("C:\Users\Marco\AppData\Local\Programs\MiKTeX 2.9\tex/latex/lastpage\lastpage.
sty"
Package: lastpage 2015/03/29 v1.2m Refers to last page's name (HMM; JPG)
)) (config/config.tex)
\@indexfile=\write4
\openout4 = `norme_di_progetto_v1.0.0.idx'.


Writing index file norme_di_progetto_v1.0.0.idx
(norme_di_progetto_v1.0.0.aux)
\openout1 = `norme_di_progetto_v1.0.0.aux'.

LaTeX Font Info:    Checking defaults for OML/cmm/m/it on input line 10.
LaTeX Font Info:    ... okay on input line 10.
LaTeX Font Info:    Checking defaults for T1/cmr/m/n on input line 10.
LaTeX Font Info:    ... okay on input line 10.
LaTeX Font Info:    Checking defaults for OT1/cmr/m/n on input line 10.
LaTeX Font Info:    ... okay on input line 10.
LaTeX Font Info:    Checking defaults for OMS/cmsy/m/n on input line 10.
LaTeX Font Info:    ... okay on input line 10.
LaTeX Font Info:    Checking defaults for OMX/cmex/m/n on input line 10.
LaTeX Font Info:    ... okay on input line 10.
LaTeX Font Info:    Checking defaults for U/cmr/m/n on input line 10.
LaTeX Font Info:    ... okay on input line 10.
LaTeX Font Info:    Checking defaults for PD1/pdf/m/n on input line 10.
LaTeX Font Info:    ... okay on input line 10.

*geometry* driver: auto-detecting
*geometry* detected driver: pdftex
*geometry* verbose mode - [ preamble ] result:
* driver: pdftex
* paper: a4paper
* layout: <same size as paper>
* layoutoffset:(h,v)=(0.0pt,0.0pt)
* modes: 
* h-part:(L,W,R)=(89.62709pt, 418.25368pt, 89.6271pt)
* v-part:(T,H,B)=(101.40665pt, 591.5302pt, 152.11pt)
* \paperwidth=597.50787pt
* \paperheight=845.04684pt
* \textwidth=418.25368pt
* \textheight=591.5302pt
* \oddsidemargin=17.3571pt
* \evensidemargin=17.3571pt
* \topmargin=-7.86334pt
* \headheight=35.0pt
* \headsep=25.0pt
* \topskip=10.0pt
* \footskip=30.0pt
* \marginparwidth=57.0pt
* \marginparsep=11.0pt
* \columnsep=10.0pt
* \skip\footins=9.0pt plus 4.0pt minus 2.0pt
* \hoffset=0.0pt
* \voffset=0.0pt
* \mag=1000
* \@twocolumnfalse
* \@twosidefalse
* \@mparswitchfalse
* \@reversemarginfalse
* (1in=72.27pt=25.4mm, 1cm=28.453pt)

LaTeX Info: Redefining \it@ocap on input line 10.
LaTeX Info: Redefining \it@ccap on input line 10.
\AtBeginShipoutBox=\box41

Package hyperref Warning: Height of page (\stockheight) is invalid (0.0pt),
(hyperref)                using 11in.

Package hyperref Info: Link coloring ON on input line 10.

("C:\Users\Marco\AppData\Local\Programs\MiKTeX 2.9\tex/latex/hyperref\nameref.s
ty"
Package: nameref 2016/05/21 v2.44 Cross-referencing by name of section

("C:\Users\Marco\AppData\Local\Programs\MiKTeX 2.9\tex/generic/oberdiek\gettitl
estring.sty"
Package: gettitlestring 2016/05/16 v1.5 Cleanup title references (HO)
)
\c@section@level=\count181
)
LaTeX Info: Redefining \ref on input line 10.
LaTeX Info: Redefining \pageref on input line 10.
LaTeX Info: Redefining \nameref on input line 10.
 (norme_di_progetto_v1.0.0.out) (norme_di_progetto_v1.0.0.out)
\@outlinefile=\write5
\openout5 = `norme_di_progetto_v1.0.0.out'.


("C:\Users\Marco\AppData\Local\Programs\MiKTeX 2.9\tex/context/base\supp-pdf.mk
ii"
[Loading MPS to PDF converter (version 2006.09.02).]
\scratchcounter=\count182
\scratchdimen=\dimen143
\scratchbox=\box42
\nofMPsegments=\count183
\nofMParguments=\count184
\everyMPshowfont=\toks33
\MPscratchCnt=\count185
\MPscratchDim=\dimen144
\MPnumerator=\count186
\makeMPintoPDFobject=\count187
\everyMPtoPDFconversion=\toks34
)
("C:\Users\Marco\AppData\Local\Programs\MiKTeX 2.9\tex/latex/oberdiek\epstopdf-
base.sty"
Package: epstopdf-base 2016/05/15 v2.6 Base part for package epstopdf

("C:\Users\Marco\AppData\Local\Programs\MiKTeX 2.9\tex/latex/oberdiek\grfext.st
y"
Package: grfext 2016/05/16 v1.2 Manage graphics extensions (HO)
)
Package epstopdf-base Info: Redefining graphics rule for `.eps' on input line 4
38.
Package grfext Info: Graphics extension search list:
(grfext)             [.pdf,.png,.jpg,.mps,.jpeg,.jbig2,.jb2,.PDF,.PNG,.JPG,.JPE
G,.JBIG2,.JB2,.eps]
(grfext)             \AppendGraphicsExtensions on input line 456.
)

Package layouts Warning: Layout scale set to 0.5 on input line 10.

Package lastpage Info: Please have a look at the pageslts package at
(lastpage)             https://www.ctan.org/pkg/pageslts
(lastpage)             ! on input line 10.
(res/sections/frontispiece.tex
<res/images/zeus_code_logo.png, id=447, 752.8125pt x 444.66125pt>
File: res/images/zeus_code_logo.png Graphic file (type png)
<use res/images/zeus_code_logo.png>
Package pdftex.def Info: res/images/zeus_code_logo.png  used on input line 4.
(pdftex.def)             Requested size: 225.84549pt x 133.3994pt.
LaTeX Font Info:    Try loading font information for U+msa on input line 12.

("C:\Users\Marco\AppData\Local\Programs\MiKTeX 2.9\tex/latex/amsfonts\umsa.fd"
File: umsa.fd 2013/01/14 v3.01 AMS symbols A
)
LaTeX Font Info:    Try loading font information for U+msb on input line 12.
("C:\Users\Marco\AppData\Local\Programs\MiKTeX 2.9\tex/latex/amsfonts\umsb.fd"
File: umsb.fd 2013/01/14 v3.01 AMS symbols B
)
LaTeX Font Info:    Try loading font information for T1+cmtt on input line 30.
("C:\Users\Marco\AppData\Local\Programs\MiKTeX 2.9\tex/latex/base\t1cmtt.fd"
File: t1cmtt.fd 2014/09/29 v2.5h Standard LaTeX font definitions
)
[1

{C:/Users/Marco/AppData/Local/MiKTeX/2.9/pdftex/config/pdftex.map} <./res/image
s/zeus_code_logo.png>]) (res/sections/changelog.tex
Overfull \hbox (5.23157pt too wide) in paragraph at lines 13--13
 []|[]\T1/cmr/bx/n/10 Versione[]| 
 []


Overfull \hbox (0.39806pt too wide) in alignment at lines 10--19
 [] [] [] [] [] 
 []


Overfull \hbox (5.23157pt too wide) in paragraph at lines 21--21
 []|[]\T1/cmr/bx/n/10 Versione[]| 
 []


Overfull \hbox (0.39806pt too wide) in alignment at lines 19--27
 [] [] [] [] [] 
 []


Underfull \hbox (badness 6316) in paragraph at lines 29--30
[]|\T1/cmr/m/n/10 Approvazione del do-cu-
 []


Overfull \hbox (2.06787pt too wide) in paragraph at lines 35--36
 []|\T1/cmr/m/it/10 Amministratore| 
 []


Overfull \hbox (2.06787pt too wide) in paragraph at lines 43--44
 []|\T1/cmr/m/it/10 Amministratore| 
 []


Overfull \hbox (2.06787pt too wide) in paragraph at lines 47--48
 []|\T1/cmr/m/it/10 Amministratore| 
 []


Overfull \hbox (2.06787pt too wide) in paragraph at lines 55--56
 []|\T1/cmr/m/it/10 Amministratore| 
 []


Overfull \hbox (2.06787pt too wide) in paragraph at lines 59--60
 []|\T1/cmr/m/it/10 Amministratore| 
 []


Overfull \hbox (2.06787pt too wide) in paragraph at lines 63--64
 []|\T1/cmr/m/it/10 Amministratore| 
 []


Overfull \hbox (2.06787pt too wide) in paragraph at lines 67--68
 []|\T1/cmr/m/it/10 Amministratore| 
 []


Overfull \hbox (2.06787pt too wide) in paragraph at lines 71--72
 []|\T1/cmr/m/it/10 Amministratore| 
 []


Overfull \hbox (2.06787pt too wide) in paragraph at lines 79--80
 []|\T1/cmr/m/it/10 Amministratore| 
 []


Overfull \hbox (2.06787pt too wide) in paragraph at lines 83--84
 []|\T1/cmr/m/it/10 Amministratore| 
 []


Overfull \hbox (2.06787pt too wide) in paragraph at lines 87--88
 []|\T1/cmr/m/it/10 Amministratore| 
 []


Overfull \hbox (2.06787pt too wide) in paragraph at lines 91--92
 []|\T1/cmr/m/it/10 Amministratore| 
 []


Overfull \hbox (2.06787pt too wide) in paragraph at lines 99--100
 []|\T1/cmr/m/it/10 Amministratore| 
 []


Underfull \hbox (badness 1067) in paragraph at lines 100--101
[]|\T1/cmr/m/n/10 Aggiornata strut-tu-ra do-
 []


Overfull \hbox (1.31342pt too wide) in paragraph at lines 103--104
 []|\T1/cmr/m/it/10 Amministratori| 
 []


Overfull \hbox (0.39806pt too wide) in alignment at lines 27--107
 [] [] [] [] [] 
 []


Overfull \hbox (2.06787pt too wide) in paragraph at lines 107--108
 []|\T1/cmr/m/it/10 Amministratore| 
 []


Overfull \hbox (2.06787pt too wide) in paragraph at lines 111--112
 []|\T1/cmr/m/it/10 Amministratore| 
 []


Underfull \hbox (badness 4859) in paragraph at lines 112--113
[]|\T1/cmr/m/n/10 Stesura Ÿ 1 e ini-zia-to
 []


Overfull \hbox (2.06787pt too wide) in paragraph at lines 115--116
 []|\T1/cmr/m/it/10 Amministratore| 
 []


Overfull \hbox (0.39806pt too wide) in alignment at lines 107--118
 [] [] [] [] [] 
 []

File: res/images/zeus_code_logo.png Graphic file (type png)
<use res/images/zeus_code_logo.png>
Package pdftex.def Info: res/images/zeus_code_logo.png  used on input line 118.

(pdftex.def)             Requested size: 52.70226pt x 31.12946pt.
pdfTeX warning (ext4): destination with the same identifier (name{page.1}) has 
been already used, duplicate ignored
<to be read again> 
                   \relax 
l.118 \end{longtable}
                      [1])
File: res/images/zeus_code_logo.png Graphic file (type png)
<use res/images/zeus_code_logo.png>
Package pdftex.def Info: res/images/zeus_code_logo.png  used on input line 17.
(pdftex.def)             Requested size: 52.70226pt x 31.12946pt.
 [2] (norme_di_progetto_v1.0.0.toc
File: res/images/zeus_code_logo.png Graphic file (type png)
<use res/images/zeus_code_logo.png>
Package pdftex.def Info: res/images/zeus_code_logo.png  used on input line 48.
(pdftex.def)             Requested size: 52.70226pt x 31.12946pt.
 [3]
File: res/images/zeus_code_logo.png Graphic file (type png)
<use res/images/zeus_code_logo.png>
Package pdftex.def Info: res/images/zeus_code_logo.png  used on input line 97.
(pdftex.def)             Requested size: 52.70226pt x 31.12946pt.
 [4])
\tf@toc=\write6
\openout6 = `norme_di_progetto_v1.0.0.toc'.

File: res/images/zeus_code_logo.png Graphic file (type png)
<use res/images/zeus_code_logo.png>
Package pdftex.def Info: res/images/zeus_code_logo.png  used on input line 21.
(pdftex.def)             Requested size: 52.70226pt x 31.12946pt.
 [5]
(norme_di_progetto_v1.0.0.lof)
\tf@lof=\write7
\openout7 = `norme_di_progetto_v1.0.0.lof'.

File: res/images/zeus_code_logo.png Graphic file (type png)
<use res/images/zeus_code_logo.png>
Package pdftex.def Info: res/images/zeus_code_logo.png  used on input line 25.
(pdftex.def)             Requested size: 52.70226pt x 31.12946pt.
 [6] (norme_di_progetto_v1.0.0.lot)
\tf@lot=\write8
\openout8 = `norme_di_progetto_v1.0.0.lot'.

File: res/images/zeus_code_logo.png Graphic file (type png)
<use res/images/zeus_code_logo.png>
Package pdftex.def Info: res/images/zeus_code_logo.png  used on input line 29.
(pdftex.def)             Requested size: 52.70226pt x 31.12946pt.
 [7]
(res/sections/introduzione.tex
LaTeX Font Info:    Try loading font information for OMS+cmr on input line 13.

("C:\Users\Marco\AppData\Local\Programs\MiKTeX 2.9\tex/latex/base\omscmr.fd"
File: omscmr.fd 2014/09/29 v2.5h Standard LaTeX font definitions
)
LaTeX Font Info:    Font shape `OMS/cmr/m/n' in size <10> not available
(Font)              Font shape `OMS/cmsy/m/n' tried instead on input line 13.

Overfull \hbox (95.98672pt too wide) in paragraph at lines 13--14
[]\T1/cmr/bx/n/10 Standard ISO/IEC 12207:1995:[][]\T1/cmr/m/n/10 https://www.ma
th.unipd.it/ tullio/IS-1/2009/Approfondimenti/ISO_12207-
 []


Overfull \hbox (90.94894pt too wide) in paragraph at lines 14--15
[]\T1/cmr/bx/n/10 Capitolato d'ap-pal-to C5 - Piat-ta-for-ma peer-to-peer car s
ha-ring: [][]\T1/cmr/m/n/10 https://www.math.unipd.it/ tullio/IS-
 []


Overfull \hbox (3.03847pt too wide) in paragraph at lines 22--24
[][]\T1/cmr/m/n/10 https://yukaichou.com/gamification-examples/octalysis-comple
te-gamification-framework/[][] 
 []

)
File: res/images/zeus_code_logo.png Graphic file (type png)
<use res/images/zeus_code_logo.png>
Package pdftex.def Info: res/images/zeus_code_logo.png  used on input line 32.
(pdftex.def)             Requested size: 52.70226pt x 31.12946pt.
 [8] (res/sections/processi_primari.tex
File: res/images/zeus_code_logo.png Graphic file (type png)
<use res/images/zeus_code_logo.png>
Package pdftex.def Info: res/images/zeus_code_logo.png  used on input line 34.
(pdftex.def)             Requested size: 52.70226pt x 31.12946pt.
 [9]
File: res/images/zeus_code_logo.png Graphic file (type png)
<use res/images/zeus_code_logo.png>
Package pdftex.def Info: res/images/zeus_code_logo.png  used on input line 53.
(pdftex.def)             Requested size: 52.70226pt x 31.12946pt.
 [10]
<res/images/projectS.png, id=643, 1143.0705pt x 596.2275pt>
File: res/images/projectS.png Graphic file (type png)
<use res/images/projectS.png>
Package pdftex.def Info: res/images/projectS.png  used on input line 67.
(pdftex.def)             Requested size: 414.07343pt x 215.9791pt.
 Excluding 'comment' comment.
File: res/images/zeus_code_logo.png Graphic file (type png)
<use res/images/zeus_code_logo.png>
Package pdftex.def Info: res/images/zeus_code_logo.png  used on input line 79.
(pdftex.def)             Requested size: 52.70226pt x 31.12946pt.

[11pdfTeX warning (ext4): destination with the same identifier (name{figure.2.1
.1}) has been already used, duplicate ignored

\AtBegShi@Output ...ipout \box \AtBeginShipoutBox 
                                                  \fi \fi 
l.79 	\subsubsection{Aspettative}
                                  <./res/images/projectS.png>]
Underfull \hbox (badness 10000) in paragraph at lines 95--101

 []


Underfull \hbox (badness 10000) in paragraph at lines 108--114

 []


Underfull \hbox (badness 10000) in paragraph at lines 108--114

 []


Underfull \hbox (badness 10000) in paragraph at lines 108--114

 []

File: res/images/zeus_code_logo.png Graphic file (type png)
<use res/images/zeus_code_logo.png>
Package pdftex.def Info: res/images/zeus_code_logo.png  used on input line 114.

(pdftex.def)             Requested size: 52.70226pt x 31.12946pt.
[12]
Underfull \hbox (badness 10000) in paragraph at lines 117--118

 []


Underfull \hbox (badness 10000) in paragraph at lines 119--125

 []


Underfull \hbox (badness 10000) in paragraph at lines 137--138

 []


Underfull \hbox (badness 10000) in paragraph at lines 139--145

 []


Underfull \hbox (badness 10000) in paragraph at lines 139--145

 []


Underfull \hbox (badness 10000) in paragraph at lines 146--147

 []

File: res/images/zeus_code_logo.png Graphic file (type png)
<use res/images/zeus_code_logo.png>
Package pdftex.def Info: res/images/zeus_code_logo.png  used on input line 147.

(pdftex.def)             Requested size: 52.70226pt x 31.12946pt.
[13]
Underfull \hbox (badness 10000) in paragraph at lines 150--154

 []


Overfull \hbox (25.00003pt too wide) in paragraph at lines 154--158
[] 
 []


Underfull \hbox (badness 10000) in paragraph at lines 154--158

 []


Underfull \hbox (badness 10000) in paragraph at lines 180--181

 []


Underfull \hbox (badness 10000) in paragraph at lines 184--186

 []


Underfull \hbox (badness 10000) in paragraph at lines 187--195

 []


Underfull \hbox (badness 10000) in paragraph at lines 187--195

 []


Underfull \hbox (badness 10000) in paragraph at lines 187--195

 []


Underfull \hbox (badness 10000) in paragraph at lines 187--195

 []


Underfull \hbox (badness 10000) in paragraph at lines 187--195

 []

File: res/images/zeus_code_logo.png Graphic file (type png)
<use res/images/zeus_code_logo.png>
Package pdftex.def Info: res/images/zeus_code_logo.png  used on input line 195.

(pdftex.def)             Requested size: 52.70226pt x 31.12946pt.
[14]
Underfull \hbox (badness 10000) in paragraph at lines 198--201

 []


Underfull \hbox (badness 10000) in paragraph at lines 213--216

 []

File: res/images/zeus_code_logo.png Graphic file (type png)
<use res/images/zeus_code_logo.png>
Package pdftex.def Info: res/images/zeus_code_logo.png  used on input line 216.

(pdftex.def)             Requested size: 52.70226pt x 31.12946pt.
[15]
Underfull \hbox (badness 10000) in paragraph at lines 220--232

 []


Underfull \hbox (badness 10000) in paragraph at lines 220--232

 []


Underfull \hbox (badness 10000) in paragraph at lines 220--232

 []


Underfull \hbox (badness 10000) in paragraph at lines 220--232

 []


Underfull \hbox (badness 10000) in paragraph at lines 220--232

 []


Underfull \hbox (badness 10000) in paragraph at lines 220--232

 []


Underfull \hbox (badness 10000) in paragraph at lines 220--232

 []

File: res/images/zeus_code_logo.png Graphic file (type png)
<use res/images/zeus_code_logo.png>
Package pdftex.def Info: res/images/zeus_code_logo.png  used on input line 236.

(pdftex.def)             Requested size: 52.70226pt x 31.12946pt.
[16]
Underfull \hbox (badness 10000) in paragraph at lines 242--248

 []


Underfull \hbox (badness 10000) in paragraph at lines 242--248

 []

<res/images/drawio.jpg, id=678, 1204.5pt x 614.295pt>
File: res/images/drawio.jpg Graphic file (type jpg)
<use res/images/drawio.jpg>
Package pdftex.def Info: res/images/drawio.jpg  used on input line 257.
(pdftex.def)             Requested size: 414.07343pt x 211.18213pt.
File: res/images/zeus_code_logo.png Graphic file (type png)
<use res/images/zeus_code_logo.png>
Package pdftex.def Info: res/images/zeus_code_logo.png  used on input line 260.

(pdftex.def)             Requested size: 52.70226pt x 31.12946pt.
[17] Excluding 'comment' comment.)
File: res/images/zeus_code_logo.png Graphic file (type png)
<use res/images/zeus_code_logo.png>
Package pdftex.def Info: res/images/zeus_code_logo.png  used on input line 35.
(pdftex.def)             Requested size: 52.70226pt x 31.12946pt.
 [18pdfTeX warning (ext4): destination with the same identifier (name{figure.2.
2.1}) has been already used, duplicate ignored

\AtBegShi@Output ...ipout \box \AtBeginShipoutBox 
                                                  \fi \fi 
l.35 	
       <./res/images/drawio.jpg>] (res/sections/processi_di_supporto.tex
File: res/images/zeus_code_logo.png Graphic file (type png)
<use res/images/zeus_code_logo.png>
Package pdftex.def Info: res/images/zeus_code_logo.png  used on input line 32.
(pdftex.def)             Requested size: 52.70226pt x 31.12946pt.

[19]
File: res/images/zeus_code_logo.png Graphic file (type png)
<use res/images/zeus_code_logo.png>
Package pdftex.def Info: res/images/zeus_code_logo.png  used on input line 62.
(pdftex.def)             Requested size: 52.70226pt x 31.12946pt.
 [20]
Underfull \hbox (badness 10000) in paragraph at lines 82--86

 []


Underfull \hbox (badness 10000) in paragraph at lines 82--86

 []


Underfull \hbox (badness 10000) in paragraph at lines 89--93

 []


Underfull \hbox (badness 10000) in paragraph at lines 89--93

 []

File: res/images/zeus_code_logo.png Graphic file (type png)
<use res/images/zeus_code_logo.png>
Package pdftex.def Info: res/images/zeus_code_logo.png  used on input line 93.
(pdftex.def)             Requested size: 52.70226pt x 31.12946pt.
[21]
Overfull \hbox (1.64992pt too wide) in paragraph at lines 93--94
[]\T1/cmr/m/n/10 per "Ti-po-lo-gia" ba-ste-rà in-di-ca-re l'i-ni-zia-le del-la 
ti-po-lo-gia del ver-ba-le(I=Interno/E=Esterno); 
 []

File: res/images/zeus_code_logo.png Graphic file (type png)
<use res/images/zeus_code_logo.png>
Package pdftex.def Info: res/images/zeus_code_logo.png  used on input line 123.

(pdftex.def)             Requested size: 52.70226pt x 31.12946pt.
[22]
Underfull \hbox (badness 10000) in paragraph at lines 140--144

 []

File: res/images/zeus_code_logo.png Graphic file (type png)
<use res/images/zeus_code_logo.png>
Package pdftex.def Info: res/images/zeus_code_logo.png  used on input line 152.

(pdftex.def)             Requested size: 52.70226pt x 31.12946pt.
[23]
File: res/images/zeus_code_logo.png Graphic file (type png)
<use res/images/zeus_code_logo.png>
Package pdftex.def Info: res/images/zeus_code_logo.png  used on input line 189.

(pdftex.def)             Requested size: 52.70226pt x 31.12946pt.
 [24]
<res/images/latex.jpg, id=730, 953.5625pt x 662.475pt>
File: res/images/latex.jpg Graphic file (type jpg)
<use res/images/latex.jpg>
Package pdftex.def Info: res/images/latex.jpg  used on input line 204.
(pdftex.def)             Requested size: 414.07343pt x 287.67899pt.
File: res/images/zeus_code_logo.png Graphic file (type png)
<use res/images/zeus_code_logo.png>
Package pdftex.def Info: res/images/zeus_code_logo.png  used on input line 207.

(pdftex.def)             Requested size: 52.70226pt x 31.12946pt.
 [25]
File: res/images/zeus_code_logo.png Graphic file (type png)
<use res/images/zeus_code_logo.png>
Package pdftex.def Info: res/images/zeus_code_logo.png  used on input line 220.

(pdftex.def)             Requested size: 52.70226pt x 31.12946pt.
 [26pdfTeX warning (ext4): destination with the same identifier (name{figure.3.
1.1}) has been already used, duplicate ignored

\AtBegShi@Output ...ipout \box \AtBeginShipoutBox 
                                                  \fi \fi 
l.220 		\item \textbf
                     {Approvazione}: il documento entra in questo stato dopo...
 <./res/images/latex.jpg (PNG copy)>]
Underfull \hbox (badness 10000) in paragraph at lines 250--254

 []

File: res/images/zeus_code_logo.png Graphic file (type png)
<use res/images/zeus_code_logo.png>
Package pdftex.def Info: res/images/zeus_code_logo.png  used on input line 257.

(pdftex.def)             Requested size: 52.70226pt x 31.12946pt.
[27]
File: res/images/zeus_code_logo.png Graphic file (type png)
<use res/images/zeus_code_logo.png>
Package pdftex.def Info: res/images/zeus_code_logo.png  used on input line 290.

(pdftex.def)             Requested size: 52.70226pt x 31.12946pt.
 [28]
File: res/images/zeus_code_logo.png Graphic file (type png)
<use res/images/zeus_code_logo.png>
Package pdftex.def Info: res/images/zeus_code_logo.png  used on input line 328.

(pdftex.def)             Requested size: 52.70226pt x 31.12946pt.
 [29]
Underfull \hbox (badness 10000) in paragraph at lines 354--359

 []

File: res/images/zeus_code_logo.png Graphic file (type png)
<use res/images/zeus_code_logo.png>
Package pdftex.def Info: res/images/zeus_code_logo.png  used on input line 359.

(pdftex.def)             Requested size: 52.70226pt x 31.12946pt.
[30]
File: res/images/zeus_code_logo.png Graphic file (type png)
<use res/images/zeus_code_logo.png>
Package pdftex.def Info: res/images/zeus_code_logo.png  used on input line 418.

(pdftex.def)             Requested size: 52.70226pt x 31.12946pt.
 [31pdfTeX warning (ext4): destination with the same identifier (name{table.3.4
.1}) has been already used, duplicate ignored

\AtBegShi@Output ...ipout \box \AtBeginShipoutBox 
                                                  \fi \fi 
l.418 		\end{itemize}
                     	]
Underfull \hbox (badness 10000) in paragraph at lines 420--432

 []


Underfull \hbox (badness 10000) in paragraph at lines 420--432

 []


Underfull \hbox (badness 10000) in paragraph at lines 420--432

 []


Underfull \hbox (badness 10000) in paragraph at lines 420--432

 []


Underfull \hbox (badness 10000) in paragraph at lines 420--432

 []


Underfull \hbox (badness 10000) in paragraph at lines 435--440

 []


Underfull \hbox (badness 10000) in paragraph at lines 435--440

 []

File: res/images/zeus_code_logo.png Graphic file (type png)
<use res/images/zeus_code_logo.png>
Package pdftex.def Info: res/images/zeus_code_logo.png  used on input line 440.

(pdftex.def)             Requested size: 52.70226pt x 31.12946pt.
[32] Excluding 'comment' comment.)
File: res/images/zeus_code_logo.png Graphic file (type png)
<use res/images/zeus_code_logo.png>
Package pdftex.def Info: res/images/zeus_code_logo.png  used on input line 38.
(pdftex.def)             Requested size: 52.70226pt x 31.12946pt.
 [33]
(res/sections/processi_organizzativi.tex
File: res/images/zeus_code_logo.png Graphic file (type png)
<use res/images/zeus_code_logo.png>
Package pdftex.def Info: res/images/zeus_code_logo.png  used on input line 39.
(pdftex.def)             Requested size: 52.70226pt x 31.12946pt.
 [34]
File: res/images/zeus_code_logo.png Graphic file (type png)
<use res/images/zeus_code_logo.png>
Package pdftex.def Info: res/images/zeus_code_logo.png  used on input line 73.
(pdftex.def)             Requested size: 52.70226pt x 31.12946pt.
 [35]
Underfull \hbox (badness 10000) in paragraph at lines 86--93

 []


Underfull \hbox (badness 10000) in paragraph at lines 86--93

 []


Overfull \hbox (10.50273pt too wide) in paragraph at lines 86--93
\T1/cmr/m/n/10 men-ti pre-de-fi-ni-ti so-no la po-sta elet-tro-ni-ca, do-ve vie
-ne uti-liz-za-to l'in-di-riz-zo [][]8lab-so-lu-tions@gmail.com[][].
 []


Underfull \hbox (badness 10000) in paragraph at lines 86--93

 []


Underfull \hbox (badness 10000) in paragraph at lines 93--103

 []


Underfull \hbox (badness 10000) in paragraph at lines 93--103

 []


Underfull \hbox (badness 10000) in paragraph at lines 93--103

 []


Underfull \hbox (badness 10000) in paragraph at lines 93--103

 []


Underfull \hbox (badness 10000) in paragraph at lines 93--103

 []


Underfull \hbox (badness 10000) in paragraph at lines 93--103

 []


Underfull \hbox (badness 10000) in paragraph at lines 93--103

 []

File: res/images/zeus_code_logo.png Graphic file (type png)
<use res/images/zeus_code_logo.png>
Package pdftex.def Info: res/images/zeus_code_logo.png  used on input line 103.

(pdftex.def)             Requested size: 52.70226pt x 31.12946pt.
[36]
Underfull \hbox (badness 10000) in paragraph at lines 103--107

 []

File: res/images/zeus_code_logo.png Graphic file (type png)
<use res/images/zeus_code_logo.png>
Package pdftex.def Info: res/images/zeus_code_logo.png  used on input line 118.

(pdftex.def)             Requested size: 52.70226pt x 31.12946pt.
[37])
File: res/images/zeus_code_logo.png Graphic file (type png)
<use res/images/zeus_code_logo.png>
Package pdftex.def Info: res/images/zeus_code_logo.png  used on input line 41.
(pdftex.def)             Requested size: 52.70226pt x 31.12946pt.
 [38] 
AED: lastpage setting LastPage
Package atveryend Info: Empty hook `BeforeClearDocument' on input line 43.
Package atveryend Info: Empty hook `AfterLastShipout' on input line 43.
(norme_di_progetto_v1.0.0.aux)
Package atveryend Info: Executing hook `AtVeryEndDocument' on input line 43.
Package atveryend Info: Executing hook `AtEndAfterFileList' on input line 43.
Package rerunfilecheck Info: File `norme_di_progetto_v1.0.0.out' has not change
d.
(rerunfilecheck)             Checksum: 3DD3FE821F9D8644BCEAB181C63C4A6E;8274.
 ) 
Here is how much of TeX's memory you used:
 9808 strings out of 492946
 142245 string characters out of 3126266
 302086 words of memory out of 3000000
 13333 multiletter control sequences out of 15000+200000
 19778 words of font info for 54 fonts, out of 3000000 for 9000
 1141 hyphenation exceptions out of 8191
 32i,17n,43p,853b,513s stack positions out of 5000i,500n,10000p,200000b,50000s
 <C:\Users\Marco\AppData\Local\MiKTeX\2.9\fonts/pk/ljfour/jknappen/ec/dpi600\
ecbx0700.pk> <C:\Users\Marco\AppData\Local\MiKTeX\2.9\fonts/pk/ljfour/jknappen/
ec/dpi600\ectt1000.pk> <C:\Users\Marco\AppData\Local\MiKTeX\2.9\fonts/pk/ljfour
/jknappen/ec/dpi600\ecrm0700.pk> <C:\Users\Marco\AppData\Local\MiKTeX\2.9\fonts
/pk/ljfour/jknappen/ec/dpi600\ecbx1440.pk> <C:\Users\Marco\AppData\Local\MiKTeX
\2.9\fonts/pk/ljfour/jknappen/ec/dpi600\ectt0900.pk> <C:\Users\Marco\AppData\Lo
cal\MiKTeX\2.9\fonts/pk/ljfour/jknappen/ec/dpi600\ecrm1000.pk> <C:\Users\Marco\
AppData\Local\MiKTeX\2.9\fonts/pk/ljfour/jknappen/ec/dpi600\ecti1000.pk> <C:\Us
ers\Marco\AppData\Local\MiKTeX\2.9\fonts/pk/ljfour/jknappen/ec/dpi600\ecbx1000.
pk> <C:\Users\Marco\AppData\Local\MiKTeX\2.9\fonts/pk/ljfour/jknappen/ec/dpi600
\ecrm1200.pk> <C:\Users\Marco\AppData\Local\MiKTeX\2.9\fonts/pk/ljfour/jknappen
/ec/dpi600\ecbx2488.pk> <C:\Users\Marco\AppData\Local\MiKTeX\2.9\fonts/pk/ljfou
r/jknappen/ec/dpi600\ecbx1200.pk><C:/Users/Marco/AppData/Local/Programs/MiKTeX 
2.9/fonts/type1/public/amsfonts/cm/cmmi7.pfb><C:/Users/Marco/AppData/Local/Prog
rams/MiKTeX 2.9/fonts/type1/public/amsfonts/cm/cmsy10.pfb>
Output written on norme_di_progetto_v1.0.0.pdf (39 pages, 638591 bytes).
PDF statistics:
 1265 PDF objects out of 1440 (max. 8388607)
 158 named destinations out of 1000 (max. 500000)
 909 words of extra memory for PDF output out of 10000 (max. 10000000)

