\BOOKMARK [1][-]{section.1}{Introduzione}{}% 1
\BOOKMARK [2][-]{subsection.1.1}{Scopo del Documento}{section.1}% 2
\BOOKMARK [2][-]{subsection.1.2}{Glossario}{section.1}% 3
\BOOKMARK [2][-]{subsection.1.3}{Riferimenti}{section.1}% 4
\BOOKMARK [3][-]{subsubsection.1.3.1}{Normativi}{subsection.1.3}% 5
\BOOKMARK [3][-]{subsubsection.1.3.2}{Informativi}{subsection.1.3}% 6
\BOOKMARK [1][-]{section.2}{Capitolato Scelto C5 - P2PCS}{}% 7
\BOOKMARK [2][-]{subsection.2.1}{Informazioni generali}{section.2}% 8
\BOOKMARK [2][-]{subsection.2.2}{Descrizione}{section.2}% 9
\BOOKMARK [2][-]{subsection.2.3}{Finalit\340 del progetto}{section.2}% 10
\BOOKMARK [2][-]{subsection.2.4}{Tecnologie interessate}{section.2}% 11
\BOOKMARK [2][-]{subsection.2.5}{Aspetti positivi}{section.2}% 12
\BOOKMARK [2][-]{subsection.2.6}{Criticit\340 e fattori di rischio}{section.2}% 13
\BOOKMARK [2][-]{subsection.2.7}{Conclusioni}{section.2}% 14
\BOOKMARK [1][-]{section.3}{Valutazioni sugli altri capitolati}{}% 15
\BOOKMARK [2][-]{subsection.3.1}{Capitolato C1 - Butterfly}{section.3}% 16
\BOOKMARK [3][-]{subsubsection.3.1.1}{Informazioni generali}{subsection.3.1}% 17
\BOOKMARK [3][-]{subsubsection.3.1.2}{Descrizione}{subsection.3.1}% 18
\BOOKMARK [3][-]{subsubsection.3.1.3}{Finalit\340 del progetto}{subsection.3.1}% 19
\BOOKMARK [3][-]{subsubsection.3.1.4}{Tecnologie interessate}{subsection.3.1}% 20
\BOOKMARK [3][-]{subsubsection.3.1.5}{Aspetti positivi}{subsection.3.1}% 21
\BOOKMARK [3][-]{subsubsection.3.1.6}{Criticit\340 e fattori di rischio}{subsection.3.1}% 22
\BOOKMARK [3][-]{subsubsection.3.1.7}{Conclusioni}{subsection.3.1}% 23
\BOOKMARK [2][-]{subsection.3.2}{Capitolato C2 - Colletta}{section.3}% 24
\BOOKMARK [3][-]{subsubsection.3.2.1}{Informazioni generali}{subsection.3.2}% 25
\BOOKMARK [3][-]{subsubsection.3.2.2}{Descrizione}{subsection.3.2}% 26
\BOOKMARK [3][-]{subsubsection.3.2.3}{Finalit\340 del progetto}{subsection.3.2}% 27
\BOOKMARK [3][-]{subsubsection.3.2.4}{Tecnologie interessate}{subsection.3.2}% 28
\BOOKMARK [3][-]{subsubsection.3.2.5}{Aspetti positivi}{subsection.3.2}% 29
\BOOKMARK [3][-]{subsubsection.3.2.6}{Criticit\340 e fattori di rischio}{subsection.3.2}% 30
\BOOKMARK [3][-]{subsubsection.3.2.7}{Conclusioni}{subsection.3.2}% 31
\BOOKMARK [2][-]{subsection.3.3}{Capitolato C3 - G\046B}{section.3}% 32
\BOOKMARK [3][-]{subsubsection.3.3.1}{Informazioni generali}{subsection.3.3}% 33
\BOOKMARK [3][-]{subsubsection.3.3.2}{Descrizione}{subsection.3.3}% 34
\BOOKMARK [3][-]{subsubsection.3.3.3}{Finalit\340 del progetto}{subsection.3.3}% 35
\BOOKMARK [3][-]{subsubsection.3.3.4}{Tecnologie Interessate}{subsection.3.3}% 36
\BOOKMARK [3][-]{subsubsection.3.3.5}{Aspetti positivi}{subsection.3.3}% 37
\BOOKMARK [3][-]{subsubsection.3.3.6}{Criticit\340 e fattori di rischio}{subsection.3.3}% 38
\BOOKMARK [3][-]{subsubsection.3.3.7}{Conclusioni}{subsection.3.3}% 39
\BOOKMARK [2][-]{subsection.3.4}{Capitolato C4 - MegAlexa}{section.3}% 40
\BOOKMARK [3][-]{subsubsection.3.4.1}{Informazioni generali}{subsection.3.4}% 41
\BOOKMARK [3][-]{subsubsection.3.4.2}{Descrizione}{subsection.3.4}% 42
\BOOKMARK [3][-]{subsubsection.3.4.3}{Finalit\340 del progetto}{subsection.3.4}% 43
\BOOKMARK [3][-]{subsubsection.3.4.4}{Tecnologie Interessate}{subsection.3.4}% 44
\BOOKMARK [3][-]{subsubsection.3.4.5}{Aspetti positivi}{subsection.3.4}% 45
\BOOKMARK [3][-]{subsubsection.3.4.6}{Criticit\340 e fattori di rischio}{subsection.3.4}% 46
\BOOKMARK [3][-]{subsubsection.3.4.7}{Conclusioni}{subsection.3.4}% 47
\BOOKMARK [2][-]{subsection.3.5}{Capitolato C6 - Soldino}{section.3}% 48
\BOOKMARK [3][-]{subsubsection.3.5.1}{Informazioni generali}{subsection.3.5}% 49
\BOOKMARK [3][-]{subsubsection.3.5.2}{Descrizione}{subsection.3.5}% 50
\BOOKMARK [3][-]{subsubsection.3.5.3}{Finalit\340 del progetto}{subsection.3.5}% 51
\BOOKMARK [3][-]{subsubsection.3.5.4}{Tecnologie interessate}{subsection.3.5}% 52
\BOOKMARK [3][-]{subsubsection.3.5.5}{Aspetti positivi}{subsection.3.5}% 53
\BOOKMARK [3][-]{subsubsection.3.5.6}{Criticit\340 e fattori di rischio}{subsection.3.5}% 54
\BOOKMARK [3][-]{subsubsection.3.5.7}{Conclusioni}{subsection.3.5}% 55
