\BOOKMARK [2][-]{section*.12}{A}{}% 1
\BOOKMARK [2][-]{section*.17}{B}{}% 2
\BOOKMARK [2][-]{section*.30}{C}{}% 3
\BOOKMARK [2][-]{section*.40}{D}{}% 4
\BOOKMARK [2][-]{section*.49}{E}{}% 5
\BOOKMARK [2][-]{section*.54}{F}{}% 6
\BOOKMARK [2][-]{section*.62}{G}{}% 7
\BOOKMARK [2][-]{section*.64}{H}{}% 8
\BOOKMARK [2][-]{section*.65}{I}{}% 9
\BOOKMARK [2][-]{section*.67}{J}{}% 10
\BOOKMARK [2][-]{section*.68}{K}{}% 11
\BOOKMARK [2][-]{section*.71}{L}{}% 12
\BOOKMARK [2][-]{section*.76}{M}{}% 13
\BOOKMARK [2][-]{section*.78}{N}{}% 14
\BOOKMARK [2][-]{section*.80}{O}{}% 15
\BOOKMARK [2][-]{section*.91}{P}{}% 16
\BOOKMARK [2][-]{section*.92}{Q}{}% 17
\BOOKMARK [2][-]{section*.101}{R}{}% 18
\BOOKMARK [2][-]{section*.116}{S}{}% 19
\BOOKMARK [2][-]{section*.124}{T}{}% 20
\BOOKMARK [2][-]{section*.126}{U}{}% 21
\BOOKMARK [2][-]{section*.127}{V}{}% 22
\BOOKMARK [2][-]{section*.130}{W}{}% 23
\BOOKMARK [2][-]{section*.131}{X}{}% 24
\BOOKMARK [2][-]{section*.132}{Y}{}% 25
\BOOKMARK [2][-]{section*.133}{Z}{}% 26
